-------------------------------------------------------------------------------
Test set: pruebaSonarCirculo.CirculoTest
-------------------------------------------------------------------------------
Tests run: 10, Failures: 1, Errors: 0, Skipped: 0, Time elapsed: 0.085 s <<< FAILURE! - in pruebaSonarCirculo.CirculoTest
testTrasladarCentro(pruebaSonarCirculo.CirculoTest)  Time elapsed: 0.009 s  <<< FAILURE!
java.lang.AssertionError:  El resultado esta mal expected:<6> but was:<5>
	at pruebaSonarCirculo.CirculoTest.testTrasladarCentro(CirculoTest.java:149)

