<?xml version="1.0" encoding="UTF-8"?>
<testsuite xmlns:xsi="http://www.w3.org/2001/XMLSchema-instance" xsi:noNamespaceSchemaLocation="https://maven.apache.org/surefire/maven-surefire-plugin/xsd/surefire-test-report.xsd" name="pruebaSonarCirculo.CirculoTest" time="0.085" tests="10" errors="0" skipped="0" failures="1">
  <properties>
    <property name="sun.desktop" value="windows"/>
    <property name="awt.toolkit" value="sun.awt.windows.WToolkit"/>
    <property name="java.specification.version" value="11"/>
    <property name="sun.cpu.isalist" value="amd64"/>
    <property name="sun.jnu.encoding" value="Cp1252"/>
    <property name="java.class.path" value="C:\DAWA_curso20202021\contornos\tareaContornos\Tarea4\pruebaSonarCirculo\target\test-classes;C:\DAWA_curso20202021\contornos\tareaContornos\Tarea4\pruebaSonarCirculo\target\classes;C:\Users\Romi\.m2\repository\junit\junit\4.11\junit-4.11.jar;C:\Users\Romi\.m2\repository\org\hamcrest\hamcrest-core\1.3\hamcrest-core-1.3.jar;"/>
    <property name="java.vm.vendor" value="Oracle Corporation"/>
    <property name="sun.arch.data.model" value="64"/>
    <property name="user.variant" value=""/>
    <property name="java.vendor.url" value="https://openjdk.java.net/"/>
    <property name="user.timezone" value="Europe/Paris"/>
    <property name="java.vm.specification.version" value="11"/>
    <property name="os.name" value="Windows 10"/>
    <property name="sun.java.launcher" value="SUN_STANDARD"/>
    <property name="user.country" value="ES"/>
    <property name="sun.boot.library.path" value="C:\Java\bin"/>
    <property name="sun.java.command" value="C:\Users\Romi\AppData\Local\Temp\surefire11709300043775840677\surefirebooter8457588174281900926.jar C:\Users\Romi\AppData\Local\Temp\surefire11709300043775840677 2021-02-26T16-00-47_199-jvmRun1 surefire4753676776581857738tmp surefire_012908573012286946639tmp"/>
    <property name="jdk.debug" value="release"/>
    <property name="surefire.test.class.path" value="C:\DAWA_curso20202021\contornos\tareaContornos\Tarea4\pruebaSonarCirculo\target\test-classes;C:\DAWA_curso20202021\contornos\tareaContornos\Tarea4\pruebaSonarCirculo\target\classes;C:\Users\Romi\.m2\repository\junit\junit\4.11\junit-4.11.jar;C:\Users\Romi\.m2\repository\org\hamcrest\hamcrest-core\1.3\hamcrest-core-1.3.jar;"/>
    <property name="sun.cpu.endian" value="little"/>
    <property name="user.home" value="C:\Users\Romi"/>
    <property name="user.language" value="es"/>
    <property name="java.specification.vendor" value="Oracle Corporation"/>
    <property name="java.version.date" value="2021-01-19"/>
    <property name="java.home" value="C:\Java"/>
    <property name="file.separator" value="\"/>
    <property name="basedir" value="C:\DAWA_curso20202021\contornos\tareaContornos\Tarea4\pruebaSonarCirculo"/>
    <property name="java.vm.compressedOopsMode" value="32-bit"/>
    <property name="line.separator" value="&#10;"/>
    <property name="java.specification.name" value="Java Platform API Specification"/>
    <property name="java.vm.specification.vendor" value="Oracle Corporation"/>
    <property name="java.awt.graphicsenv" value="sun.awt.Win32GraphicsEnvironment"/>
    <property name="surefire.real.class.path" value="C:\Users\Romi\AppData\Local\Temp\surefire11709300043775840677\surefirebooter8457588174281900926.jar"/>
    <property name="user.script" value=""/>
    <property name="sun.management.compiler" value="HotSpot 64-Bit Tiered Compilers"/>
    <property name="java.runtime.version" value="11.0.10+8-LTS-162"/>
    <property name="user.name" value="Romi"/>
    <property name="path.separator" value=";"/>
    <property name="os.version" value="10.0"/>
    <property name="java.runtime.name" value="Java(TM) SE Runtime Environment"/>
    <property name="file.encoding" value="Cp1252"/>
    <property name="java.vm.name" value="Java HotSpot(TM) 64-Bit Server VM"/>
    <property name="java.vendor.version" value="18.9"/>
    <property name="localRepository" value="C:\Users\Romi\.m2\repository"/>
    <property name="java.vendor.url.bug" value="https://bugreport.java.com/bugreport/"/>
    <property name="java.io.tmpdir" value="C:\Users\Romi\AppData\Local\Temp\"/>
    <property name="java.version" value="11.0.10"/>
    <property name="user.dir" value="C:\DAWA_curso20202021\contornos\tareaContornos\Tarea4\pruebaSonarCirculo"/>
    <property name="os.arch" value="amd64"/>
    <property name="java.vm.specification.name" value="Java Virtual Machine Specification"/>
    <property name="java.awt.printerjob" value="sun.awt.windows.WPrinterJob"/>
    <property name="sun.os.patch.level" value=""/>
    <property name="java.library.path" value="C:\Java\bin;C:\WINDOWS\Sun\Java\bin;C:\WINDOWS\system32;C:\WINDOWS;C:\Program Files\Common Files\Oracle\Java\javapath;&quot;C:\Program Files\Common Files\Oracle\Java\javapath;&quot;;&quot;C:\Program Files\Common Files\Oracle\Java\javapath;&quot;;C:\WINDOWS\system32;C:\WINDOWS;C:\WINDOWS\System32\Wbem;C:\WINDOWS\System32\WindowsPowerShell\v1.0\;C:\WINDOWS\System32\OpenSSH\;C:\Program Files\Git\cmd;C:\apache-maven-3.6.3\bin;C:\sonarqube-8.6.1.40680;C:\Program Files (x86)\Brackets\command;C:\Java\bin\;C:\Users\Romi\AppData\Local\Microsoft\WindowsApps;C:\Users\Romi\AppData\Local\Programs\Microsoft VS Code\bin;C:\Users\Romi\AppData\Local\GitHubDesktop\bin;C:\sonarqube-8.6.1.40680;;."/>
    <property name="java.vendor" value="Oracle Corporation"/>
    <property name="java.vm.info" value="mixed mode"/>
    <property name="java.vm.version" value="11.0.10+8-LTS-162"/>
    <property name="sun.io.unicode.encoding" value="UnicodeLittle"/>
    <property name="java.class.version" value="55.0"/>
  </properties>
  <testcase name="testObtenerArea" classname="pruebaSonarCirculo.CirculoTest" time="0.002"/>
  <testcase name="testTrasladarCentro" classname="pruebaSonarCirculo.CirculoTest" time="0.009">
    <failure message=" El resultado esta mal expected:&lt;6&gt; but was:&lt;5&gt;" type="java.lang.AssertionError"><![CDATA[java.lang.AssertionError:  El resultado esta mal expected:<6> but was:<5>
	at pruebaSonarCirculo.CirculoTest.testTrasladarCentro(CirculoTest.java:149)
]]></failure>
    <system-out><![CDATA[trasladarCentro
]]></system-out>
  </testcase>
  <testcase name="testObtenerDiametro" classname="pruebaSonarCirculo.CirculoTest" time="0.008"/>
  <testcase name="testEstablecerX" classname="pruebaSonarCirculo.CirculoTest" time="0.001"/>
  <testcase name="testEstablecerY" classname="pruebaSonarCirculo.CirculoTest" time="0.001"/>
  <testcase name="testObtenerCircunferencia" classname="pruebaSonarCirculo.CirculoTest" time="0.002"/>
  <testcase name="testObtenerRadio" classname="pruebaSonarCirculo.CirculoTest" time="0.009"/>
  <testcase name="testEstablecerRadio" classname="pruebaSonarCirculo.CirculoTest" time="0.014"/>
  <testcase name="testObtenerX" classname="pruebaSonarCirculo.CirculoTest" time="0.001"/>
  <testcase name="testObtenerY" classname="pruebaSonarCirculo.CirculoTest" time="0.002"/>
</testsuite>