<?xml version="1.0" encoding="UTF-8"?>
<testsuite xmlns:xsi="http://www.w3.org/2001/XMLSchema-instance" xsi:noNamespaceSchemaLocation="https://maven.apache.org/surefire/maven-surefire-plugin/xsd/surefire-test-report.xsd" name="pruebaSonarCirculo.CirculoTest" time="0.085" tests="10" errors="0" skipped="0" failures="1">
  <properties>
[...]
</properties>
  <testcase name="testObtenerArea" classname="pruebaSonarCirculo.CirculoTest" time="0.002"/>
  <testcase name="testTrasladarCentro" classname="pruebaSonarCirculo.CirculoTest" time="0.009">
    <failure message=" El resultado esta mal expected:&lt;6&gt; but was:&lt;5&gt;" type="java.lang.AssertionError"><![CDATA[java.lang.AssertionError:  El resultado esta mal expected:<6> but was:<5>
	at pruebaSonarCirculo.CirculoTest.testTrasladarCentro(CirculoTest.java:149)
]]></failure>
    <system-out><![CDATA[trasladarCentro
]]></system-out>
  </testcase>
  <testcase name="testObtenerDiametro" classname="pruebaSonarCirculo.CirculoTest" time="0.008"/>
  <testcase name="testEstablecerX" classname="pruebaSonarCirculo.CirculoTest" time="0.001"/>
  <testcase name="testEstablecerY" classname="pruebaSonarCirculo.CirculoTest" time="0.001"/>
  <testcase name="testObtenerCircunferencia" classname="pruebaSonarCirculo.CirculoTest" time="0.002"/>
  <testcase name="testObtenerRadio" classname="pruebaSonarCirculo.CirculoTest" time="0.009"/>
  <testcase name="testEstablecerRadio" classname="pruebaSonarCirculo.CirculoTest" time="0.014"/>
  <testcase name="testObtenerX" classname="pruebaSonarCirculo.CirculoTest" time="0.001"/>
  <testcase name="testObtenerY" classname="pruebaSonarCirculo.CirculoTest" time="0.002"/>
</testsuite>